2021-05-21 15:07:00.716 [ForkJoinPool.commonPool-worker-1] INFO  org.springframework.boot.SpringApplication - Starting application on hz-zyan-zhang with PID 10172 (started by zyan.zhang in E:\venus)
2021-05-21 15:07:00.721 [ForkJoinPool.commonPool-worker-1] INFO  org.springframework.boot.SpringApplication - No active profile set, falling back to default profiles: default
2021-05-21 15:07:00.754 [ForkJoinPool.commonPool-worker-1] INFO  o.s.b.w.s.c.AnnotationConfigServletWebServerApplicationContext - Refreshing org.springframework.boot.web.servlet.context.AnnotationConfigServletWebServerApplicationContext@2e5fb48f: startup date [Fri May 21 15:07:00 CST 2021]; root of context hierarchy
2021-05-21 15:07:01.616 [ForkJoinPool.commonPool-worker-1] INFO  o.s.boot.web.embedded.tomcat.TomcatWebServer - Tomcat initialized with port(s): 8080 (http)
2021-05-21 15:07:01.627 [ForkJoinPool.commonPool-worker-1] INFO  org.apache.coyote.http11.Http11NioProtocol - Initializing ProtocolHandler ["http-nio-8080"]
2021-05-21 15:07:01.636 [ForkJoinPool.commonPool-worker-1] INFO  org.apache.catalina.core.StandardService - Starting service [Tomcat]
2021-05-21 15:07:01.636 [ForkJoinPool.commonPool-worker-1] INFO  org.apache.catalina.core.StandardEngine - Starting Servlet Engine: Apache Tomcat/8.5.34
2021-05-21 15:07:01.639 [localhost-startStop-1] INFO  org.apache.catalina.core.AprLifecycleListener - The APR based Apache Tomcat Native library which allows optimal performance in production environments was not found on the java.library.path: [C:\Java\bin;C:\Windows\Sun\Java\bin;C:\Windows\system32;C:\Windows;C:\Program Files (x86)\VMware\VMware Workstation\bin\;E:\software\xftp\;C:\Program Files (x86)\NetSarang\Xshell 6\;C:\Program Files\Common Files\Oracle\Java\javapath;C:\Program Files (x86)\Common Files\Oracle\Java\javapath;C:\Windows\system32;C:\Windows;C:\Windows\System32\Wbem;C:\Windows\System32\WindowsPowerShell\v1.0\;C:\Windows\System32\OpenSSH\;C:\Java\bin;C:\Java\jre\bin;E:\software\Git\cmd;C:\Program Files\TortoiseSVN\bin;C:\Users\zyan.zhang\AppData\Local\Programs\Python\Python37;C:\Users\zyan.zhang\AppData\Local\Programs\Python\Python37\Scripts;E:\software\apache-maven-3.8.1\bin;C:\Users\zyan.zhang\AppData\Local\Programs\Python\Python37\Scripts\;C:\Users\zyan.zhang\AppData\Local\Programs\Python\Python37\;C:\Users\zyan.zhang\AppData\Local\Microsoft\WindowsApps;;.]
2021-05-21 15:07:01.735 [localhost-startStop-1] INFO  o.a.c.core.ContainerBase.[Tomcat].[localhost].[/] - Initializing Spring embedded WebApplicationContext
2021-05-21 15:07:01.735 [localhost-startStop-1] INFO  org.springframework.web.context.ContextLoader - Root WebApplicationContext: initialization completed in 981 ms
2021-05-21 15:07:01.786 [localhost-startStop-1] INFO  o.s.boot.web.servlet.ServletRegistrationBean - Servlet dispatcherServlet mapped to [/]
2021-05-21 15:07:01.849 [localhost-startStop-1] INFO  o.s.boot.web.servlet.FilterRegistrationBean - Mapping filter: 'characterEncodingFilter' to: [/*]
2021-05-21 15:07:01.850 [localhost-startStop-1] INFO  o.s.boot.web.servlet.FilterRegistrationBean - Mapping filter: 'hiddenHttpMethodFilter' to: [/*]
2021-05-21 15:07:01.850 [localhost-startStop-1] INFO  o.s.boot.web.servlet.FilterRegistrationBean - Mapping filter: 'httpPutFormContentFilter' to: [/*]
2021-05-21 15:07:01.850 [localhost-startStop-1] INFO  o.s.boot.web.servlet.FilterRegistrationBean - Mapping filter: 'requestContextFilter' to: [/*]
2021-05-21 15:07:01.956 [ForkJoinPool.commonPool-worker-1] INFO  o.s.web.servlet.handler.SimpleUrlHandlerMapping - Mapped URL path [/**/favicon.ico] onto handler of type [class org.springframework.web.servlet.resource.ResourceHttpRequestHandler]
2021-05-21 15:07:02.192 [ForkJoinPool.commonPool-worker-1] INFO  o.s.w.s.m.m.a.RequestMappingHandlerAdapter - Looking for @ControllerAdvice: org.springframework.boot.web.servlet.context.AnnotationConfigServletWebServerApplicationContext@2e5fb48f: startup date [Fri May 21 15:07:00 CST 2021]; root of context hierarchy
2021-05-21 15:07:02.241 [ForkJoinPool.commonPool-worker-1] INFO  o.s.w.s.m.m.a.RequestMappingHandlerMapping - Mapped "{[/error]}" onto public org.springframework.http.ResponseEntity<java.util.Map<java.lang.String, java.lang.Object>> org.springframework.boot.autoconfigure.web.servlet.error.BasicErrorController.error(javax.servlet.http.HttpServletRequest)
2021-05-21 15:07:02.242 [ForkJoinPool.commonPool-worker-1] INFO  o.s.w.s.m.m.a.RequestMappingHandlerMapping - Mapped "{[/error],produces=[text/html]}" onto public org.springframework.web.servlet.ModelAndView org.springframework.boot.autoconfigure.web.servlet.error.BasicErrorController.errorHtml(javax.servlet.http.HttpServletRequest,javax.servlet.http.HttpServletResponse)
2021-05-21 15:07:02.255 [ForkJoinPool.commonPool-worker-1] INFO  o.s.web.servlet.handler.BeanNameUrlHandlerMapping - Mapped URL path [/fxml/file/File.fxml] onto handler '/fxml/file/File.fxml'
2021-05-21 15:07:02.255 [ForkJoinPool.commonPool-worker-1] INFO  o.s.web.servlet.handler.BeanNameUrlHandlerMapping - Mapped URL path [/fxml/Main.fxml] onto handler '/fxml/Main.fxml'
2021-05-21 15:07:02.255 [ForkJoinPool.commonPool-worker-1] INFO  o.s.web.servlet.handler.BeanNameUrlHandlerMapping - Mapped URL path [/fxml/query/QueryTime.fxml] onto handler '/fxml/query/QueryTime.fxml'
2021-05-21 15:07:02.255 [ForkJoinPool.commonPool-worker-1] INFO  o.s.web.servlet.handler.BeanNameUrlHandlerMapping - Mapped URL path [/fxml/query/QueryUser.fxml] onto handler '/fxml/query/QueryUser.fxml'
2021-05-21 15:07:02.255 [ForkJoinPool.commonPool-worker-1] INFO  o.s.web.servlet.handler.BeanNameUrlHandlerMapping - Mapped URL path [/fxml/query/Query.fxml] onto handler '/fxml/query/Query.fxml'
2021-05-21 15:07:02.259 [ForkJoinPool.commonPool-worker-1] INFO  o.s.web.servlet.handler.SimpleUrlHandlerMapping - Mapped URL path [/webjars/**] onto handler of type [class org.springframework.web.servlet.resource.ResourceHttpRequestHandler]
2021-05-21 15:07:02.259 [ForkJoinPool.commonPool-worker-1] INFO  o.s.web.servlet.handler.SimpleUrlHandlerMapping - Mapped URL path [/**] onto handler of type [class org.springframework.web.servlet.resource.ResourceHttpRequestHandler]
2021-05-21 15:07:02.372 [ForkJoinPool.commonPool-worker-1] INFO  o.s.ui.freemarker.SpringTemplateLoader - SpringTemplateLoader for FreeMarker: using resource loader [org.springframework.boot.web.servlet.context.AnnotationConfigServletWebServerApplicationContext@2e5fb48f: startup date [Fri May 21 15:07:00 CST 2021]; root of context hierarchy] and template loader path [classpath:/templates/]
2021-05-21 15:07:02.373 [ForkJoinPool.commonPool-worker-1] INFO  o.s.w.servlet.view.freemarker.FreeMarkerConfigurer - ClassTemplateLoader for Spring macros added to FreeMarker configuration
2021-05-21 15:07:02.431 [ForkJoinPool.commonPool-worker-1] INFO  o.s.jmx.export.annotation.AnnotationMBeanExporter - Registering beans for JMX exposure on startup
2021-05-21 15:07:02.442 [ForkJoinPool.commonPool-worker-1] INFO  org.apache.coyote.http11.Http11NioProtocol - Starting ProtocolHandler ["http-nio-8080"]
2021-05-21 15:07:02.450 [ForkJoinPool.commonPool-worker-1] INFO  org.apache.tomcat.util.net.NioSelectorPool - Using a shared selector for servlet write/read
2021-05-21 15:07:02.464 [ForkJoinPool.commonPool-worker-1] INFO  o.s.boot.web.embedded.tomcat.TomcatWebServer - Tomcat started on port(s): 8080 (http) with context path ''
2021-05-21 15:07:02.467 [ForkJoinPool.commonPool-worker-1] INFO  org.springframework.boot.SpringApplication - Started application in 2.216 seconds (JVM running for 3.134)
2021-05-21 16:36:54.718 [ForkJoinPool.commonPool-worker-1] INFO  org.springframework.boot.SpringApplication - Starting application on hz-zyan-zhang with PID 18408 (started by zyan.zhang in E:\venus)
2021-05-21 16:36:54.721 [ForkJoinPool.commonPool-worker-1] INFO  org.springframework.boot.SpringApplication - No active profile set, falling back to default profiles: default
2021-05-21 16:36:54.751 [ForkJoinPool.commonPool-worker-1] INFO  o.s.b.w.s.c.AnnotationConfigServletWebServerApplicationContext - Refreshing org.springframework.boot.web.servlet.context.AnnotationConfigServletWebServerApplicationContext@21e51ca3: startup date [Fri May 21 16:36:54 CST 2021]; root of context hierarchy
2021-05-21 16:36:55.542 [ForkJoinPool.commonPool-worker-1] INFO  o.s.boot.web.embedded.tomcat.TomcatWebServer - Tomcat initialized with port(s): 8080 (http)
2021-05-21 16:36:55.552 [ForkJoinPool.commonPool-worker-1] INFO  org.apache.coyote.http11.Http11NioProtocol - Initializing ProtocolHandler ["http-nio-8080"]
2021-05-21 16:36:55.559 [ForkJoinPool.commonPool-worker-1] INFO  org.apache.catalina.core.StandardService - Starting service [Tomcat]
2021-05-21 16:36:55.559 [ForkJoinPool.commonPool-worker-1] INFO  org.apache.catalina.core.StandardEngine - Starting Servlet Engine: Apache Tomcat/8.5.34
2021-05-21 16:36:55.561 [localhost-startStop-1] INFO  org.apache.catalina.core.AprLifecycleListener - The APR based Apache Tomcat Native library which allows optimal performance in production environments was not found on the java.library.path: [C:\Java\bin;C:\Windows\Sun\Java\bin;C:\Windows\system32;C:\Windows;C:\Program Files (x86)\VMware\VMware Workstation\bin\;E:\software\xftp\;C:\Program Files (x86)\NetSarang\Xshell 6\;C:\Program Files\Common Files\Oracle\Java\javapath;C:\Program Files (x86)\Common Files\Oracle\Java\javapath;C:\Windows\system32;C:\Windows;C:\Windows\System32\Wbem;C:\Windows\System32\WindowsPowerShell\v1.0\;C:\Windows\System32\OpenSSH\;C:\Java\bin;C:\Java\jre\bin;E:\software\Git\cmd;C:\Program Files\TortoiseSVN\bin;C:\Users\zyan.zhang\AppData\Local\Programs\Python\Python37;C:\Users\zyan.zhang\AppData\Local\Programs\Python\Python37\Scripts;E:\software\apache-maven-3.8.1\bin;C:\Users\zyan.zhang\AppData\Local\Programs\Python\Python37\Scripts\;C:\Users\zyan.zhang\AppData\Local\Programs\Python\Python37\;C:\Users\zyan.zhang\AppData\Local\Microsoft\WindowsApps;;.]
2021-05-21 16:36:55.678 [localhost-startStop-1] INFO  o.a.c.core.ContainerBase.[Tomcat].[localhost].[/] - Initializing Spring embedded WebApplicationContext
2021-05-21 16:36:55.678 [localhost-startStop-1] INFO  org.springframework.web.context.ContextLoader - Root WebApplicationContext: initialization completed in 927 ms
2021-05-21 16:36:55.783 [localhost-startStop-1] INFO  o.s.boot.web.servlet.ServletRegistrationBean - Servlet dispatcherServlet mapped to [/]
2021-05-21 16:36:55.788 [localhost-startStop-1] INFO  o.s.boot.web.servlet.FilterRegistrationBean - Mapping filter: 'characterEncodingFilter' to: [/*]
2021-05-21 16:36:55.788 [localhost-startStop-1] INFO  o.s.boot.web.servlet.FilterRegistrationBean - Mapping filter: 'hiddenHttpMethodFilter' to: [/*]
2021-05-21 16:36:55.788 [localhost-startStop-1] INFO  o.s.boot.web.servlet.FilterRegistrationBean - Mapping filter: 'httpPutFormContentFilter' to: [/*]
2021-05-21 16:36:55.788 [localhost-startStop-1] INFO  o.s.boot.web.servlet.FilterRegistrationBean - Mapping filter: 'requestContextFilter' to: [/*]
2021-05-21 16:36:55.884 [ForkJoinPool.commonPool-worker-1] INFO  o.s.web.servlet.handler.SimpleUrlHandlerMapping - Mapped URL path [/**/favicon.ico] onto handler of type [class org.springframework.web.servlet.resource.ResourceHttpRequestHandler]
2021-05-21 16:36:56.055 [ForkJoinPool.commonPool-worker-1] INFO  o.s.w.s.m.m.a.RequestMappingHandlerAdapter - Looking for @ControllerAdvice: org.springframework.boot.web.servlet.context.AnnotationConfigServletWebServerApplicationContext@21e51ca3: startup date [Fri May 21 16:36:54 CST 2021]; root of context hierarchy
2021-05-21 16:36:56.100 [ForkJoinPool.commonPool-worker-1] INFO  o.s.w.s.m.m.a.RequestMappingHandlerMapping - Mapped "{[/error]}" onto public org.springframework.http.ResponseEntity<java.util.Map<java.lang.String, java.lang.Object>> org.springframework.boot.autoconfigure.web.servlet.error.BasicErrorController.error(javax.servlet.http.HttpServletRequest)
2021-05-21 16:36:56.101 [ForkJoinPool.commonPool-worker-1] INFO  o.s.w.s.m.m.a.RequestMappingHandlerMapping - Mapped "{[/error],produces=[text/html]}" onto public org.springframework.web.servlet.ModelAndView org.springframework.boot.autoconfigure.web.servlet.error.BasicErrorController.errorHtml(javax.servlet.http.HttpServletRequest,javax.servlet.http.HttpServletResponse)
2021-05-21 16:36:56.145 [ForkJoinPool.commonPool-worker-1] INFO  o.s.web.servlet.handler.BeanNameUrlHandlerMapping - Mapped URL path [/fxml/file/File.fxml] onto handler '/fxml/file/File.fxml'
2021-05-21 16:36:56.146 [ForkJoinPool.commonPool-worker-1] INFO  o.s.web.servlet.handler.BeanNameUrlHandlerMapping - Mapped URL path [/fxml/Main.fxml] onto handler '/fxml/Main.fxml'
2021-05-21 16:36:56.149 [ForkJoinPool.commonPool-worker-1] INFO  o.s.web.servlet.handler.SimpleUrlHandlerMapping - Mapped URL path [/webjars/**] onto handler of type [class org.springframework.web.servlet.resource.ResourceHttpRequestHandler]
2021-05-21 16:36:56.150 [ForkJoinPool.commonPool-worker-1] INFO  o.s.web.servlet.handler.SimpleUrlHandlerMapping - Mapped URL path [/**] onto handler of type [class org.springframework.web.servlet.resource.ResourceHttpRequestHandler]
2021-05-21 16:36:56.257 [ForkJoinPool.commonPool-worker-1] INFO  o.s.ui.freemarker.SpringTemplateLoader - SpringTemplateLoader for FreeMarker: using resource loader [org.springframework.boot.web.servlet.context.AnnotationConfigServletWebServerApplicationContext@21e51ca3: startup date [Fri May 21 16:36:54 CST 2021]; root of context hierarchy] and template loader path [classpath:/templates/]
2021-05-21 16:36:56.258 [ForkJoinPool.commonPool-worker-1] INFO  o.s.w.servlet.view.freemarker.FreeMarkerConfigurer - ClassTemplateLoader for Spring macros added to FreeMarker configuration
2021-05-21 16:36:56.311 [ForkJoinPool.commonPool-worker-1] INFO  o.s.jmx.export.annotation.AnnotationMBeanExporter - Registering beans for JMX exposure on startup
2021-05-21 16:36:56.323 [ForkJoinPool.commonPool-worker-1] INFO  org.apache.coyote.http11.Http11NioProtocol - Starting ProtocolHandler ["http-nio-8080"]
2021-05-21 16:36:56.329 [ForkJoinPool.commonPool-worker-1] INFO  org.apache.tomcat.util.net.NioSelectorPool - Using a shared selector for servlet write/read
2021-05-21 16:36:56.343 [ForkJoinPool.commonPool-worker-1] INFO  o.s.boot.web.embedded.tomcat.TomcatWebServer - Tomcat started on port(s): 8080 (http) with context path ''
2021-05-21 16:36:56.345 [ForkJoinPool.commonPool-worker-1] INFO  org.springframework.boot.SpringApplication - Started application in 2.058 seconds (JVM running for 2.822)
2021-05-21 16:58:51.498 [ForkJoinPool.commonPool-worker-1] INFO  org.springframework.boot.SpringApplication - Starting application on hz-zyan-zhang with PID 17552 (started by zyan.zhang in E:\venus)
2021-05-21 16:58:51.500 [ForkJoinPool.commonPool-worker-1] INFO  org.springframework.boot.SpringApplication - No active profile set, falling back to default profiles: default
2021-05-21 16:58:51.530 [ForkJoinPool.commonPool-worker-1] INFO  o.s.b.w.s.c.AnnotationConfigServletWebServerApplicationContext - Refreshing org.springframework.boot.web.servlet.context.AnnotationConfigServletWebServerApplicationContext@21e51ca3: startup date [Fri May 21 16:58:51 CST 2021]; root of context hierarchy
2021-05-21 16:58:52.343 [ForkJoinPool.commonPool-worker-1] INFO  o.s.boot.web.embedded.tomcat.TomcatWebServer - Tomcat initialized with port(s): 8080 (http)
2021-05-21 16:58:52.352 [ForkJoinPool.commonPool-worker-1] INFO  org.apache.coyote.http11.Http11NioProtocol - Initializing ProtocolHandler ["http-nio-8080"]
2021-05-21 16:58:52.360 [ForkJoinPool.commonPool-worker-1] INFO  org.apache.catalina.core.StandardService - Starting service [Tomcat]
2021-05-21 16:58:52.361 [ForkJoinPool.commonPool-worker-1] INFO  org.apache.catalina.core.StandardEngine - Starting Servlet Engine: Apache Tomcat/8.5.34
2021-05-21 16:58:52.363 [localhost-startStop-1] INFO  org.apache.catalina.core.AprLifecycleListener - The APR based Apache Tomcat Native library which allows optimal performance in production environments was not found on the java.library.path: [C:\Java\bin;C:\Windows\Sun\Java\bin;C:\Windows\system32;C:\Windows;C:\Program Files (x86)\VMware\VMware Workstation\bin\;E:\software\xftp\;C:\Program Files (x86)\NetSarang\Xshell 6\;C:\Program Files\Common Files\Oracle\Java\javapath;C:\Program Files (x86)\Common Files\Oracle\Java\javapath;C:\Windows\system32;C:\Windows;C:\Windows\System32\Wbem;C:\Windows\System32\WindowsPowerShell\v1.0\;C:\Windows\System32\OpenSSH\;C:\Java\bin;C:\Java\jre\bin;E:\software\Git\cmd;C:\Program Files\TortoiseSVN\bin;C:\Users\zyan.zhang\AppData\Local\Programs\Python\Python37;C:\Users\zyan.zhang\AppData\Local\Programs\Python\Python37\Scripts;E:\software\apache-maven-3.8.1\bin;C:\Users\zyan.zhang\AppData\Local\Programs\Python\Python37\Scripts\;C:\Users\zyan.zhang\AppData\Local\Programs\Python\Python37\;C:\Users\zyan.zhang\AppData\Local\Microsoft\WindowsApps;;.]
2021-05-21 16:58:52.452 [localhost-startStop-1] INFO  o.a.c.core.ContainerBase.[Tomcat].[localhost].[/] - Initializing Spring embedded WebApplicationContext
2021-05-21 16:58:52.453 [localhost-startStop-1] INFO  org.springframework.web.context.ContextLoader - Root WebApplicationContext: initialization completed in 923 ms
2021-05-21 16:58:52.501 [localhost-startStop-1] INFO  o.s.boot.web.servlet.ServletRegistrationBean - Servlet dispatcherServlet mapped to [/]
2021-05-21 16:58:52.505 [localhost-startStop-1] INFO  o.s.boot.web.servlet.FilterRegistrationBean - Mapping filter: 'characterEncodingFilter' to: [/*]
2021-05-21 16:58:52.505 [localhost-startStop-1] INFO  o.s.boot.web.servlet.FilterRegistrationBean - Mapping filter: 'hiddenHttpMethodFilter' to: [/*]
2021-05-21 16:58:52.506 [localhost-startStop-1] INFO  o.s.boot.web.servlet.FilterRegistrationBean - Mapping filter: 'httpPutFormContentFilter' to: [/*]
2021-05-21 16:58:52.506 [localhost-startStop-1] INFO  o.s.boot.web.servlet.FilterRegistrationBean - Mapping filter: 'requestContextFilter' to: [/*]
2021-05-21 16:58:52.624 [ForkJoinPool.commonPool-worker-1] INFO  o.s.web.servlet.handler.SimpleUrlHandlerMapping - Mapped URL path [/**/favicon.ico] onto handler of type [class org.springframework.web.servlet.resource.ResourceHttpRequestHandler]
2021-05-21 16:58:52.766 [ForkJoinPool.commonPool-worker-1] INFO  o.s.w.s.m.m.a.RequestMappingHandlerAdapter - Looking for @ControllerAdvice: org.springframework.boot.web.servlet.context.AnnotationConfigServletWebServerApplicationContext@21e51ca3: startup date [Fri May 21 16:58:51 CST 2021]; root of context hierarchy
2021-05-21 16:58:52.898 [ForkJoinPool.commonPool-worker-1] INFO  o.s.w.s.m.m.a.RequestMappingHandlerMapping - Mapped "{[/error]}" onto public org.springframework.http.ResponseEntity<java.util.Map<java.lang.String, java.lang.Object>> org.springframework.boot.autoconfigure.web.servlet.error.BasicErrorController.error(javax.servlet.http.HttpServletRequest)
2021-05-21 16:58:52.899 [ForkJoinPool.commonPool-worker-1] INFO  o.s.w.s.m.m.a.RequestMappingHandlerMapping - Mapped "{[/error],produces=[text/html]}" onto public org.springframework.web.servlet.ModelAndView org.springframework.boot.autoconfigure.web.servlet.error.BasicErrorController.errorHtml(javax.servlet.http.HttpServletRequest,javax.servlet.http.HttpServletResponse)
2021-05-21 16:58:52.913 [ForkJoinPool.commonPool-worker-1] INFO  o.s.web.servlet.handler.BeanNameUrlHandlerMapping - Mapped URL path [/fxml/file/File.fxml] onto handler '/fxml/file/File.fxml'
2021-05-21 16:58:52.913 [ForkJoinPool.commonPool-worker-1] INFO  o.s.web.servlet.handler.BeanNameUrlHandlerMapping - Mapped URL path [/fxml/Main.fxml] onto handler '/fxml/Main.fxml'
2021-05-21 16:58:52.917 [ForkJoinPool.commonPool-worker-1] INFO  o.s.web.servlet.handler.SimpleUrlHandlerMapping - Mapped URL path [/webjars/**] onto handler of type [class org.springframework.web.servlet.resource.ResourceHttpRequestHandler]
2021-05-21 16:58:52.918 [ForkJoinPool.commonPool-worker-1] INFO  o.s.web.servlet.handler.SimpleUrlHandlerMapping - Mapped URL path [/**] onto handler of type [class org.springframework.web.servlet.resource.ResourceHttpRequestHandler]
2021-05-21 16:58:53.024 [ForkJoinPool.commonPool-worker-1] INFO  o.s.ui.freemarker.SpringTemplateLoader - SpringTemplateLoader for FreeMarker: using resource loader [org.springframework.boot.web.servlet.context.AnnotationConfigServletWebServerApplicationContext@21e51ca3: startup date [Fri May 21 16:58:51 CST 2021]; root of context hierarchy] and template loader path [classpath:/templates/]
2021-05-21 16:58:53.025 [ForkJoinPool.commonPool-worker-1] INFO  o.s.w.servlet.view.freemarker.FreeMarkerConfigurer - ClassTemplateLoader for Spring macros added to FreeMarker configuration
2021-05-21 16:58:53.079 [ForkJoinPool.commonPool-worker-1] INFO  o.s.jmx.export.annotation.AnnotationMBeanExporter - Registering beans for JMX exposure on startup
2021-05-21 16:58:53.087 [ForkJoinPool.commonPool-worker-1] INFO  org.apache.coyote.http11.Http11NioProtocol - Starting ProtocolHandler ["http-nio-8080"]
2021-05-21 16:58:53.095 [ForkJoinPool.commonPool-worker-1] INFO  org.apache.tomcat.util.net.NioSelectorPool - Using a shared selector for servlet write/read
2021-05-21 16:58:53.105 [ForkJoinPool.commonPool-worker-1] INFO  o.s.boot.web.embedded.tomcat.TomcatWebServer - Tomcat started on port(s): 8080 (http) with context path ''
2021-05-21 16:58:53.109 [ForkJoinPool.commonPool-worker-1] INFO  org.springframework.boot.SpringApplication - Started application in 2.052 seconds (JVM running for 2.794)
2021-05-21 17:05:48.028 [ForkJoinPool.commonPool-worker-1] INFO  org.springframework.boot.SpringApplication - Starting application on hz-zyan-zhang with PID 11072 (started by zyan.zhang in E:\venus)
2021-05-21 17:05:48.030 [ForkJoinPool.commonPool-worker-1] INFO  org.springframework.boot.SpringApplication - No active profile set, falling back to default profiles: default
2021-05-21 17:05:48.062 [ForkJoinPool.commonPool-worker-1] INFO  o.s.b.w.s.c.AnnotationConfigServletWebServerApplicationContext - Refreshing org.springframework.boot.web.servlet.context.AnnotationConfigServletWebServerApplicationContext@1ae410da: startup date [Fri May 21 17:05:48 CST 2021]; root of context hierarchy
2021-05-21 17:05:48.868 [ForkJoinPool.commonPool-worker-1] INFO  o.s.boot.web.embedded.tomcat.TomcatWebServer - Tomcat initialized with port(s): 8080 (http)
2021-05-21 17:05:48.879 [ForkJoinPool.commonPool-worker-1] INFO  org.apache.coyote.http11.Http11NioProtocol - Initializing ProtocolHandler ["http-nio-8080"]
2021-05-21 17:05:48.887 [ForkJoinPool.commonPool-worker-1] INFO  org.apache.catalina.core.StandardService - Starting service [Tomcat]
2021-05-21 17:05:48.887 [ForkJoinPool.commonPool-worker-1] INFO  org.apache.catalina.core.StandardEngine - Starting Servlet Engine: Apache Tomcat/8.5.34
2021-05-21 17:05:48.890 [localhost-startStop-1] INFO  org.apache.catalina.core.AprLifecycleListener - The APR based Apache Tomcat Native library which allows optimal performance in production environments was not found on the java.library.path: [C:\Java\bin;C:\Windows\Sun\Java\bin;C:\Windows\system32;C:\Windows;C:\Program Files (x86)\VMware\VMware Workstation\bin\;E:\software\xftp\;C:\Program Files (x86)\NetSarang\Xshell 6\;C:\Program Files\Common Files\Oracle\Java\javapath;C:\Program Files (x86)\Common Files\Oracle\Java\javapath;C:\Windows\system32;C:\Windows;C:\Windows\System32\Wbem;C:\Windows\System32\WindowsPowerShell\v1.0\;C:\Windows\System32\OpenSSH\;C:\Java\bin;C:\Java\jre\bin;E:\software\Git\cmd;C:\Program Files\TortoiseSVN\bin;C:\Users\zyan.zhang\AppData\Local\Programs\Python\Python37;C:\Users\zyan.zhang\AppData\Local\Programs\Python\Python37\Scripts;E:\software\apache-maven-3.8.1\bin;C:\Users\zyan.zhang\AppData\Local\Programs\Python\Python37\Scripts\;C:\Users\zyan.zhang\AppData\Local\Programs\Python\Python37\;C:\Users\zyan.zhang\AppData\Local\Microsoft\WindowsApps;;.]
2021-05-21 17:05:48.979 [localhost-startStop-1] INFO  o.a.c.core.ContainerBase.[Tomcat].[localhost].[/] - Initializing Spring embedded WebApplicationContext
2021-05-21 17:05:48.979 [localhost-startStop-1] INFO  org.springframework.web.context.ContextLoader - Root WebApplicationContext: initialization completed in 917 ms
2021-05-21 17:05:49.029 [localhost-startStop-1] INFO  o.s.boot.web.servlet.ServletRegistrationBean - Servlet dispatcherServlet mapped to [/]
2021-05-21 17:05:49.033 [localhost-startStop-1] INFO  o.s.boot.web.servlet.FilterRegistrationBean - Mapping filter: 'characterEncodingFilter' to: [/*]
2021-05-21 17:05:49.033 [localhost-startStop-1] INFO  o.s.boot.web.servlet.FilterRegistrationBean - Mapping filter: 'hiddenHttpMethodFilter' to: [/*]
2021-05-21 17:05:49.033 [localhost-startStop-1] INFO  o.s.boot.web.servlet.FilterRegistrationBean - Mapping filter: 'httpPutFormContentFilter' to: [/*]
2021-05-21 17:05:49.033 [localhost-startStop-1] INFO  o.s.boot.web.servlet.FilterRegistrationBean - Mapping filter: 'requestContextFilter' to: [/*]
2021-05-21 17:05:49.134 [ForkJoinPool.commonPool-worker-1] INFO  o.s.web.servlet.handler.SimpleUrlHandlerMapping - Mapped URL path [/**/favicon.ico] onto handler of type [class org.springframework.web.servlet.resource.ResourceHttpRequestHandler]
2021-05-21 17:05:49.316 [ForkJoinPool.commonPool-worker-1] INFO  o.s.w.s.m.m.a.RequestMappingHandlerAdapter - Looking for @ControllerAdvice: org.springframework.boot.web.servlet.context.AnnotationConfigServletWebServerApplicationContext@1ae410da: startup date [Fri May 21 17:05:48 CST 2021]; root of context hierarchy
2021-05-21 17:05:49.442 [ForkJoinPool.commonPool-worker-1] INFO  o.s.w.s.m.m.a.RequestMappingHandlerMapping - Mapped "{[/error]}" onto public org.springframework.http.ResponseEntity<java.util.Map<java.lang.String, java.lang.Object>> org.springframework.boot.autoconfigure.web.servlet.error.BasicErrorController.error(javax.servlet.http.HttpServletRequest)
2021-05-21 17:05:49.444 [ForkJoinPool.commonPool-worker-1] INFO  o.s.w.s.m.m.a.RequestMappingHandlerMapping - Mapped "{[/error],produces=[text/html]}" onto public org.springframework.web.servlet.ModelAndView org.springframework.boot.autoconfigure.web.servlet.error.BasicErrorController.errorHtml(javax.servlet.http.HttpServletRequest,javax.servlet.http.HttpServletResponse)
2021-05-21 17:05:49.457 [ForkJoinPool.commonPool-worker-1] INFO  o.s.web.servlet.handler.BeanNameUrlHandlerMapping - Mapped URL path [/fxml/file/File.fxml] onto handler '/fxml/file/File.fxml'
2021-05-21 17:05:49.458 [ForkJoinPool.commonPool-worker-1] INFO  o.s.web.servlet.handler.BeanNameUrlHandlerMapping - Mapped URL path [/fxml/Main.fxml] onto handler '/fxml/Main.fxml'
2021-05-21 17:05:49.461 [ForkJoinPool.commonPool-worker-1] INFO  o.s.web.servlet.handler.SimpleUrlHandlerMapping - Mapped URL path [/webjars/**] onto handler of type [class org.springframework.web.servlet.resource.ResourceHttpRequestHandler]
2021-05-21 17:05:49.462 [ForkJoinPool.commonPool-worker-1] INFO  o.s.web.servlet.handler.SimpleUrlHandlerMapping - Mapped URL path [/**] onto handler of type [class org.springframework.web.servlet.resource.ResourceHttpRequestHandler]
2021-05-21 17:05:49.578 [ForkJoinPool.commonPool-worker-1] INFO  o.s.ui.freemarker.SpringTemplateLoader - SpringTemplateLoader for FreeMarker: using resource loader [org.springframework.boot.web.servlet.context.AnnotationConfigServletWebServerApplicationContext@1ae410da: startup date [Fri May 21 17:05:48 CST 2021]; root of context hierarchy] and template loader path [classpath:/templates/]
2021-05-21 17:05:49.579 [ForkJoinPool.commonPool-worker-1] INFO  o.s.w.servlet.view.freemarker.FreeMarkerConfigurer - ClassTemplateLoader for Spring macros added to FreeMarker configuration
2021-05-21 17:05:49.632 [ForkJoinPool.commonPool-worker-1] INFO  o.s.jmx.export.annotation.AnnotationMBeanExporter - Registering beans for JMX exposure on startup
2021-05-21 17:05:49.642 [ForkJoinPool.commonPool-worker-1] INFO  org.apache.coyote.http11.Http11NioProtocol - Starting ProtocolHandler ["http-nio-8080"]
2021-05-21 17:05:49.647 [ForkJoinPool.commonPool-worker-1] INFO  org.apache.tomcat.util.net.NioSelectorPool - Using a shared selector for servlet write/read
2021-05-21 17:05:49.660 [ForkJoinPool.commonPool-worker-1] INFO  o.s.boot.web.embedded.tomcat.TomcatWebServer - Tomcat started on port(s): 8080 (http) with context path ''
2021-05-21 17:05:49.662 [ForkJoinPool.commonPool-worker-1] INFO  org.springframework.boot.SpringApplication - Started application in 2.079 seconds (JVM running for 2.809)
2021-05-21 19:41:50.873 [Thread-8] INFO  o.s.b.w.s.c.AnnotationConfigServletWebServerApplicationContext - Closing org.springframework.boot.web.servlet.context.AnnotationConfigServletWebServerApplicationContext@1ae410da: startup date [Fri May 21 17:05:48 CST 2021]; root of context hierarchy
